[2025-06-19 06:47:40] === Starting automated git pull process ===
[2025-06-19 06:47:40] Configured repositories:
[2025-06-19 06:47:40]   - api: dev
[2025-06-19 06:47:40]   - web-app: dev
[2025-06-19 06:47:40]   - core: main
[2025-06-19 06:47:40]   - pv-expected-energy: main
[2025-06-19 06:47:40]   - docs-mdbook: main
[2025-06-19 06:47:40] Starting pull for api (branch: dev)
[2025-06-19 06:47:40] Fetching latest changes for api...
[2025-06-19 06:47:40] Switching from feature/create-project to dev in api
[2025-06-19 06:47:40] Pulling latest changes for api on branch dev
[2025-06-19 06:47:40] SUCCESS: Updated api to latest dev
[2025-06-19 06:47:40] ---
[2025-06-19 06:47:40] Starting pull for web-app (branch: dev)
[2025-06-19 06:47:40] Fetching latest changes for web-app...
[2025-06-19 06:47:40] Switching from feature/pv-modules to dev in web-app
[2025-06-19 06:47:40] Pulling latest changes for web-app on branch dev
[2025-06-19 06:47:40] SUCCESS: Updated web-app to latest dev
[2025-06-19 06:47:40] ---
[2025-06-19 06:47:40] Starting pull for core (branch: main)
[2025-06-19 06:47:40] Fetching latest changes for core...
[2025-06-19 06:47:40] Switching from refactor/get_projects to main in core
[2025-06-19 06:47:40] Pulling latest changes for core on branch main
[2025-06-19 06:47:40] SUCCESS: Updated core to latest main
[2025-06-19 06:47:40] ---
[2025-06-19 06:47:40] Starting pull for pv-expected-energy (branch: main)
[2025-06-19 06:47:40] Fetching latest changes for pv-expected-energy...
[2025-06-19 06:47:40] Pulling latest changes for pv-expected-energy on branch main
[2025-06-19 06:47:40] SUCCESS: Updated pv-expected-energy to latest main
[2025-06-19 06:47:40] ---
[2025-06-19 06:47:40] Starting pull for docs-mdbook (branch: main)
[2025-06-19 06:47:40] Fetching latest changes for docs-mdbook...
[2025-06-19 06:47:40] Pulling latest changes for docs-mdbook on branch main
[2025-06-19 06:47:40] SUCCESS: Updated docs-mdbook to latest main
[2025-06-19 06:47:40] ---
[2025-06-19 06:47:40] === Pull process completed ===
[2025-06-19 06:47:40] Results: 5/5 repositories updated successfully
[2025-06-19 06:47:40] All repositories updated successfully!
